<?xml version="1.0" encoding="UTF-8"?>
<!-- Generated by org.testng.reporters.JUnitXMLReporter -->
<testsuite hostname="Thota" name="Default test" tests="3" failures="0" timestamp="29 Apr 2022 06:33:34 GMT" time="66.653" errors="0">
  <testcase name="basePageNavigation" time="2.794" classname="Academy.validateJavaTest"/>
  <testcase name="basePageNavigation" time="27.623" classname="Academy.HomePageTest"/>
  <testcase name="basePageNavigation" time="15.836" classname="Academy.HomePageTest"/>
</testsuite> <!-- Default test -->
